Arguments: 
  C:\Program Files\nodejs\node.exe C:\Users\Jkay\AppData\Roaming\npm\node_modules\yarn\bin\yarn.js add express mangoose

PATH: 
  C:\Program Files (x86)\Common Files\Intel\Shared Libraries\redist\intel64_win\compiler;C:\Program Files (x86)\Common Files\Intel\Shared Libraries\redist\intel64\compiler;C:\Program Files\Common Files\Oracle\Java\javapath;C:\Windows\system32;C:\Windows;C:\Windows\System32\Wbem;C:\Windows\System32\WindowsPowerShell\v1.0\;C:\Windows\System32\OpenSSH\;C:\Program Files (x86)\NVIDIA Corporation\PhysX\Common;C:\Program Files\NVIDIA Corporation\NVIDIA NvDLISR;C:\Program Files\Java\jdk-16.0.2\bin;C:\Program Files\Git\cmd;C:\Program Files\nodejs\;C:\Program Files (x86)\Calibre2\;C:\Program Files\PostgreSQL\14\bin\;C:\WINDOWS\system32;C:\WINDOWS;C:\WINDOWS\System32\Wbem;C:\WINDOWS\System32\WindowsPowerShell\v1.0\;C:\WINDOWS\System32\OpenSSH\;C:\Users\Jkay\AppData\Local\Programs\Python\Python39\Scripts\;C:\Users\Jkay\AppData\Local\Programs\Python\Python39\;C:\Users\Jkay\AppData\Local\Microsoft\WindowsApps;D:\ACCS\Flutter\flutter\bin;C:\Users\Jkay\AppData\Local\GitHubDesktop\bin;C:\Program Files\heroku\bin;C:\Users\Jkay\AppData\Local\Programs\Microsoft VS Code\bin;C:\Users\Jkay\AppData\Roaming\npm;C:\Users\Jkay\AppData\Local\Android\Sdk\platform-tools;C:\Program Files\PostgreSQL\14\bin;C:\Program Files\PostgreSQL\14\data;;C:\Users\Jkay\AppData\Local\Programs\Hyper\resources\bin

Yarn version: 
  1.22.17

Node version: 
  14.18.1

Platform: 
  win32 x64

Trace: 
  Error: https://registry.yarnpkg.com/mangoose: Not found
      at Request.params.callback [as _callback] (C:\Users\Jkay\AppData\Roaming\npm\node_modules\yarn\lib\cli.js:67029:18)
      at Request.self.callback (C:\Users\Jkay\AppData\Roaming\npm\node_modules\yarn\lib\cli.js:140883:22)
      at Request.emit (events.js:400:28)
      at Request.<anonymous> (C:\Users\Jkay\AppData\Roaming\npm\node_modules\yarn\lib\cli.js:141855:10)
      at Request.emit (events.js:400:28)
      at IncomingMessage.<anonymous> (C:\Users\Jkay\AppData\Roaming\npm\node_modules\yarn\lib\cli.js:141777:12)
      at Object.onceWrapper (events.js:519:28)
      at IncomingMessage.emit (events.js:412:35)
      at endReadableNT (internal/streams/readable.js:1334:12)
      at processTicksAndRejections (internal/process/task_queues.js:82:21)

npm manifest: 
  {
    "name": "tinder-backend",
    "version": "1.0.0",
    "main": "server.js",
    "type": "module",
    "scripts": {
      "start": "node server.js"
    },
    "repository": "https://github.com/JayakrishnanMurali/tinder-backend.git",
    "author": "Jayakrishnan <Jayakrishnan1012@gmail.com>",
    "license": "MIT"
  }

yarn manifest: 
  No manifest

Lockfile: 
  No lockfile
